{"/Users/JerryC/Work/Workspaces/JC_NODE_MODULES/node-memeye/src/lib/log.js":{"path":"/Users/JerryC/Work/Workspaces/JC_NODE_MODULES/node-memeye/src/lib/log.js","s":{"1":1,"2":1,"3":1,"4":0,"5":0,"6":0},"b":{"1":[0,0]},"f":{},"fnMap":{},"statementMap":{"1":{"start":{"line":1,"column":0},"end":{"line":1,"column":31}},"2":{"start":{"line":3,"column":0},"end":{"line":15,"column":1}},"3":{"start":{"line":5,"column":8},"end":{"line":5,"column":76}},"4":{"start":{"line":8,"column":8},"end":{"line":8,"column":82}},"5":{"start":{"line":11,"column":8},"end":{"line":13,"column":9}},"6":{"start":{"line":12,"column":12},"end":{"line":12,"column":82}}},"branchMap":{"1":{"line":11,"type":"if","locations":[{"start":{"line":11,"column":8},"end":{"line":11,"column":8}},{"start":{"line":11,"column":8},"end":{"line":11,"column":8}}]}}}}