{"/Users/JerryC/Workspace/jc-repository/Memeye/index.js":{"path":"/Users/JerryC/Workspace/jc-repository/Memeye/index.js","s":{"1":1},"b":{},"f":{},"fnMap":{},"statementMap":{"1":{"start":{"line":1,"column":0},"end":{"line":1,"column":43}}},"branchMap":{}},"/Users/JerryC/Workspace/jc-repository/Memeye/src/index.js":{"path":"/Users/JerryC/Workspace/jc-repository/Memeye/src/index.js","s":{"1":1,"2":1,"3":1,"4":1,"5":1,"6":1,"7":1,"8":1,"9":1,"10":1,"11":1,"12":1,"13":1,"14":1,"15":0,"16":1,"17":0,"18":0,"19":0,"20":0,"21":0,"22":0},"b":{"1":[1,0]},"f":{"1":1},"fnMap":{"1":{"name":"(anonymous_1)","line":14,"loc":{"start":{"line":14,"column":17},"end":{"line":14,"column":55}}}},"statementMap":{"1":{"start":{"line":8,"column":0},"end":{"line":8,"column":29}},"2":{"start":{"line":9,"column":0},"end":{"line":9,"column":47}},"3":{"start":{"line":10,"column":0},"end":{"line":10,"column":48}},"4":{"start":{"line":11,"column":0},"end":{"line":11,"column":55}},"5":{"start":{"line":12,"column":0},"end":{"line":12,"column":42}},"6":{"start":{"line":14,"column":0},"end":{"line":43,"column":1}},"7":{"start":{"line":15,"column":4},"end":{"line":15,"column":34}},"8":{"start":{"line":15,"column":13},"end":{"line":15,"column":34}},"9":{"start":{"line":17,"column":4},"end":{"line":17,"column":43}},"10":{"start":{"line":19,"column":4},"end":{"line":19,"column":66}},"11":{"start":{"line":21,"column":4},"end":{"line":21,"column":49}},"12":{"start":{"line":23,"column":4},"end":{"line":23,"column":52}},"13":{"start":{"line":24,"column":4},"end":{"line":24,"column":22}},"14":{"start":{"line":27,"column":4},"end":{"line":27,"column":54}},"15":{"start":{"line":27,"column":29},"end":{"line":27,"column":52}},"16":{"start":{"line":30,"column":4},"end":{"line":42,"column":7}},"17":{"start":{"line":33,"column":8},"end":{"line":33,"column":75}},"18":{"start":{"line":34,"column":8},"end":{"line":34,"column":66}},"19":{"start":{"line":35,"column":8},"end":{"line":35,"column":32}},"20":{"start":{"line":39,"column":8},"end":{"line":39,"column":65}},"21":{"start":{"line":40,"column":8},"end":{"line":40,"column":52}},"22":{"start":{"line":41,"column":8},"end":{"line":41,"column":25}}},"branchMap":{"1":{"line":15,"type":"if","locations":[{"start":{"line":15,"column":4},"end":{"line":15,"column":4}},{"start":{"line":15,"column":4},"end":{"line":15,"column":4}}]}}},"/Users/JerryC/Workspace/jc-repository/Memeye/src/lib/Collector.js":{"path":"/Users/JerryC/Workspace/jc-repository/Memeye/src/lib/Collector.js","s":{"1":1,"2":1,"3":1,"4":1,"5":2,"6":2,"7":2,"8":1,"9":1,"10":1,"11":3,"12":3,"13":1,"14":1,"15":2,"16":1,"17":1,"18":1,"19":1,"20":1,"21":1,"22":1,"23":1,"24":1},"b":{"1":[1,2],"2":[1,0],"3":[1,0]},"f":{"1":2,"2":1,"3":3},"fnMap":{"1":{"name":"Collector","line":10,"loc":{"start":{"line":10,"column":0},"end":{"line":10,"column":57}}},"2":{"name":"(anonymous_2)","line":16,"loc":{"start":{"line":16,"column":27},"end":{"line":16,"column":39}}},"3":{"name":"(anonymous_3)","line":20,"loc":{"start":{"line":20,"column":28},"end":{"line":20,"column":40}}}},"statementMap":{"1":{"start":{"line":6,"column":0},"end":{"line":6,"column":25}},"2":{"start":{"line":7,"column":0},"end":{"line":7,"column":25}},"3":{"start":{"line":8,"column":0},"end":{"line":8,"column":38}},"4":{"start":{"line":10,"column":0},"end":{"line":14,"column":1}},"5":{"start":{"line":11,"column":4},"end":{"line":11,"column":31}},"6":{"start":{"line":12,"column":4},"end":{"line":12,"column":25}},"7":{"start":{"line":13,"column":4},"end":{"line":13,"column":31}},"8":{"start":{"line":16,"column":0},"end":{"line":18,"column":1}},"9":{"start":{"line":17,"column":4},"end":{"line":17,"column":33}},"10":{"start":{"line":20,"column":0},"end":{"line":66,"column":1}},"11":{"start":{"line":21,"column":4},"end":{"line":21,"column":20}},"12":{"start":{"line":23,"column":4},"end":{"line":26,"column":5}},"13":{"start":{"line":24,"column":8},"end":{"line":24,"column":52}},"14":{"start":{"line":25,"column":8},"end":{"line":25,"column":15}},"15":{"start":{"line":28,"column":4},"end":{"line":65,"column":23}},"16":{"start":{"line":31,"column":8},"end":{"line":31,"column":48}},"17":{"start":{"line":32,"column":8},"end":{"line":35,"column":9}},"18":{"start":{"line":36,"column":8},"end":{"line":40,"column":9}},"19":{"start":{"line":41,"column":8},"end":{"line":54,"column":9}},"20":{"start":{"line":57,"column":8},"end":{"line":59,"column":9}},"21":{"start":{"line":58,"column":12},"end":{"line":58,"column":38}},"22":{"start":{"line":61,"column":8},"end":{"line":63,"column":9}},"23":{"start":{"line":62,"column":12},"end":{"line":62,"column":145}},"24":{"start":{"line":68,"column":0},"end":{"line":68,"column":27}}},"branchMap":{"1":{"line":23,"type":"if","locations":[{"start":{"line":23,"column":4},"end":{"line":23,"column":4}},{"start":{"line":23,"column":4},"end":{"line":23,"column":4}}]},"2":{"line":57,"type":"if","locations":[{"start":{"line":57,"column":8},"end":{"line":57,"column":8}},{"start":{"line":57,"column":8},"end":{"line":57,"column":8}}]},"3":{"line":61,"type":"if","locations":[{"start":{"line":61,"column":8},"end":{"line":61,"column":8}},{"start":{"line":61,"column":8},"end":{"line":61,"column":8}}]}}},"/Users/JerryC/Workspace/jc-repository/Memeye/src/lib/Logger.js":{"path":"/Users/JerryC/Workspace/jc-repository/Memeye/src/lib/Logger.js","s":{"1":1,"2":1,"3":1,"4":1,"5":1,"6":1,"7":1,"8":1,"9":1,"10":2,"11":0,"12":2,"13":1,"14":2,"15":1,"16":0,"17":0,"18":1,"19":0,"20":0,"21":1,"22":2,"23":2,"24":1,"25":1,"26":1,"27":1},"b":{"1":[0,2],"2":[2,1],"3":[1,1],"4":[0,0],"5":[0,0],"6":[2,0],"7":[1,0]},"f":{"1":1,"2":2,"3":0,"4":0,"5":2,"6":1},"fnMap":{"1":{"name":"Logger","line":19,"loc":{"start":{"line":19,"column":0},"end":{"line":19,"column":40}}},"2":{"name":"(anonymous_2)","line":25,"loc":{"start":{"line":25,"column":28},"end":{"line":25,"column":45}}},"3":{"name":"(anonymous_3)","line":31,"loc":{"start":{"line":31,"column":25},"end":{"line":31,"column":40}}},"4":{"name":"(anonymous_4)","line":35,"loc":{"start":{"line":35,"column":24},"end":{"line":35,"column":39}}},"5":{"name":"(anonymous_5)","line":39,"loc":{"start":{"line":39,"column":24},"end":{"line":39,"column":39}}},"6":{"name":"(anonymous_6)","line":43,"loc":{"start":{"line":43,"column":25},"end":{"line":43,"column":40}}}},"statementMap":{"1":{"start":{"line":1,"column":0},"end":{"line":1,"column":38}},"2":{"start":{"line":3,"column":0},"end":{"line":8,"column":3}},"3":{"start":{"line":10,"column":0},"end":{"line":15,"column":1}},"4":{"start":{"line":17,"column":0},"end":{"line":17,"column":24}},"5":{"start":{"line":19,"column":0},"end":{"line":23,"column":1}},"6":{"start":{"line":20,"column":4},"end":{"line":20,"column":36}},"7":{"start":{"line":21,"column":4},"end":{"line":21,"column":25}},"8":{"start":{"line":22,"column":4},"end":{"line":22,"column":29}},"9":{"start":{"line":25,"column":0},"end":{"line":29,"column":1}},"10":{"start":{"line":26,"column":4},"end":{"line":26,"column":74}},"11":{"start":{"line":26,"column":64},"end":{"line":26,"column":74}},"12":{"start":{"line":27,"column":4},"end":{"line":27,"column":59}},"13":{"start":{"line":27,"column":35},"end":{"line":27,"column":59}},"14":{"start":{"line":28,"column":4},"end":{"line":28,"column":30}},"15":{"start":{"line":31,"column":0},"end":{"line":33,"column":1}},"16":{"start":{"line":32,"column":4},"end":{"line":32,"column":88}},"17":{"start":{"line":32,"column":41},"end":{"line":32,"column":88}},"18":{"start":{"line":35,"column":0},"end":{"line":37,"column":1}},"19":{"start":{"line":36,"column":4},"end":{"line":36,"column":86}},"20":{"start":{"line":36,"column":40},"end":{"line":36,"column":86}},"21":{"start":{"line":39,"column":0},"end":{"line":41,"column":1}},"22":{"start":{"line":40,"column":4},"end":{"line":40,"column":86}},"23":{"start":{"line":40,"column":40},"end":{"line":40,"column":86}},"24":{"start":{"line":43,"column":0},"end":{"line":45,"column":1}},"25":{"start":{"line":44,"column":4},"end":{"line":44,"column":88}},"26":{"start":{"line":44,"column":41},"end":{"line":44,"column":88}},"27":{"start":{"line":47,"column":0},"end":{"line":47,"column":44}}},"branchMap":{"1":{"line":26,"type":"if","locations":[{"start":{"line":26,"column":4},"end":{"line":26,"column":4}},{"start":{"line":26,"column":4},"end":{"line":26,"column":4}}]},"2":{"line":26,"type":"binary-expr","locations":[{"start":{"line":26,"column":8},"end":{"line":26,"column":33}},{"start":{"line":26,"column":37},"end":{"line":26,"column":62}}]},"3":{"line":27,"type":"if","locations":[{"start":{"line":27,"column":4},"end":{"line":27,"column":4}},{"start":{"line":27,"column":4},"end":{"line":27,"column":4}}]},"4":{"line":32,"type":"if","locations":[{"start":{"line":32,"column":4},"end":{"line":32,"column":4}},{"start":{"line":32,"column":4},"end":{"line":32,"column":4}}]},"5":{"line":36,"type":"if","locations":[{"start":{"line":36,"column":4},"end":{"line":36,"column":4}},{"start":{"line":36,"column":4},"end":{"line":36,"column":4}}]},"6":{"line":40,"type":"if","locations":[{"start":{"line":40,"column":4},"end":{"line":40,"column":4}},{"start":{"line":40,"column":4},"end":{"line":40,"column":4}}]},"7":{"line":44,"type":"if","locations":[{"start":{"line":44,"column":4},"end":{"line":44,"column":4}},{"start":{"line":44,"column":4},"end":{"line":44,"column":4}}]}}},"/Users/JerryC/Workspace/jc-repository/Memeye/src/lib/Indicators.js":{"path":"/Users/JerryC/Workspace/jc-repository/Memeye/src/lib/Indicators.js","s":{"1":1,"2":1,"3":1,"4":1,"5":1,"6":1,"7":1,"8":1,"9":1,"10":2,"11":2,"12":2,"13":2,"14":2,"15":2,"16":2,"17":1,"18":2,"19":1},"b":{},"f":{"1":1,"2":2,"3":2,"4":1},"fnMap":{"1":{"name":"Indicators","line":11,"loc":{"start":{"line":11,"column":0},"end":{"line":11,"column":32}}},"2":{"name":"setWatcher","line":26,"loc":{"start":{"line":26,"column":34},"end":{"line":26,"column":66}}},"3":{"name":"(anonymous_3)","line":34,"loc":{"start":{"line":34,"column":17},"end":{"line":34,"column":34}}},"4":{"name":"(anonymous_4)","line":38,"loc":{"start":{"line":38,"column":17},"end":{"line":38,"column":29}}}},"statementMap":{"1":{"start":{"line":7,"column":0},"end":{"line":7,"column":33}},"2":{"start":{"line":8,"column":0},"end":{"line":8,"column":29}},"3":{"start":{"line":11,"column":0},"end":{"line":20,"column":1}},"4":{"start":{"line":12,"column":4},"end":{"line":12,"column":35}},"5":{"start":{"line":15,"column":4},"end":{"line":15,"column":20}},"6":{"start":{"line":16,"column":4},"end":{"line":16,"column":42}},"7":{"start":{"line":19,"column":4},"end":{"line":19,"column":43}},"8":{"start":{"line":23,"column":0},"end":{"line":23,"column":47}},"9":{"start":{"line":26,"column":0},"end":{"line":46,"column":1}},"10":{"start":{"line":27,"column":4},"end":{"line":27,"column":24}},"11":{"start":{"line":28,"column":4},"end":{"line":28,"column":20}},"12":{"start":{"line":31,"column":4},"end":{"line":43,"column":7}},"13":{"start":{"line":32,"column":8},"end":{"line":32,"column":42}},"14":{"start":{"line":33,"column":8},"end":{"line":42,"column":9}},"15":{"start":{"line":35,"column":16},"end":{"line":35,"column":50}},"16":{"start":{"line":36,"column":16},"end":{"line":36,"column":40}},"17":{"start":{"line":39,"column":16},"end":{"line":39,"column":39}},"18":{"start":{"line":45,"column":4},"end":{"line":45,"column":46}},"19":{"start":{"line":48,"column":0},"end":{"line":48,"column":28}}},"branchMap":{}}}