TN:
SF:/Users/JerryC/Workspace/jc-repository/Memeye/index.js
FNF:0
FNH:0
DA:1,1
LF:1
LH:1
BRF:0
BRH:0
end_of_record
TN:
SF:/Users/JerryC/Workspace/jc-repository/Memeye/src/index.js
FN:14,(anonymous_1)
FNF:1
FNH:1
FNDA:1,(anonymous_1)
DA:8,1
DA:9,1
DA:10,1
DA:11,1
DA:12,1
DA:14,1
DA:15,1
DA:17,1
DA:19,1
DA:21,1
DA:23,1
DA:24,1
DA:27,1
DA:30,1
DA:33,0
DA:34,0
DA:35,0
DA:39,0
DA:40,0
DA:41,0
LF:20
LH:14
BRDA:15,1,0,1
BRDA:15,1,1,0
BRF:2
BRH:1
end_of_record
TN:
SF:/Users/JerryC/Workspace/jc-repository/Memeye/src/lib/Collector.js
FN:10,Collector
FN:16,(anonymous_2)
FN:20,(anonymous_3)
FNF:3
FNH:3
FNDA:2,Collector
FNDA:1,(anonymous_2)
FNDA:3,(anonymous_3)
DA:6,1
DA:7,1
DA:8,1
DA:10,1
DA:11,2
DA:12,2
DA:13,2
DA:16,1
DA:17,1
DA:20,1
DA:21,3
DA:23,3
DA:24,1
DA:25,1
DA:28,2
DA:31,1
DA:32,1
DA:36,1
DA:41,1
DA:57,1
DA:58,1
DA:61,1
DA:62,1
DA:68,1
LF:24
LH:24
BRDA:23,1,0,1
BRDA:23,1,1,2
BRDA:57,2,0,1
BRDA:57,2,1,0
BRDA:61,3,0,1
BRDA:61,3,1,0
BRF:6
BRH:4
end_of_record
TN:
SF:/Users/JerryC/Workspace/jc-repository/Memeye/src/lib/Logger.js
FN:19,Logger
FN:25,(anonymous_2)
FN:31,(anonymous_3)
FN:35,(anonymous_4)
FN:39,(anonymous_5)
FN:43,(anonymous_6)
FNF:6
FNH:4
FNDA:1,Logger
FNDA:2,(anonymous_2)
FNDA:0,(anonymous_3)
FNDA:0,(anonymous_4)
FNDA:2,(anonymous_5)
FNDA:1,(anonymous_6)
DA:1,1
DA:3,1
DA:10,1
DA:17,1
DA:19,1
DA:20,1
DA:21,1
DA:22,1
DA:25,1
DA:26,2
DA:27,2
DA:28,2
DA:31,1
DA:32,0
DA:35,1
DA:36,0
DA:39,1
DA:40,2
DA:43,1
DA:44,1
DA:47,1
LF:21
LH:19
BRDA:26,1,0,0
BRDA:26,1,1,2
BRDA:26,2,0,2
BRDA:26,2,1,1
BRDA:27,3,0,1
BRDA:27,3,1,1
BRDA:32,4,0,0
BRDA:32,4,1,0
BRDA:36,5,0,0
BRDA:36,5,1,0
BRDA:40,6,0,2
BRDA:40,6,1,0
BRDA:44,7,0,1
BRDA:44,7,1,0
BRF:14
BRH:7
end_of_record
TN:
SF:/Users/JerryC/Workspace/jc-repository/Memeye/src/lib/Indicators.js
FN:11,Indicators
FN:26,setWatcher
FN:34,(anonymous_3)
FN:38,(anonymous_4)
FNF:4
FNH:4
FNDA:1,Indicators
FNDA:2,setWatcher
FNDA:2,(anonymous_3)
FNDA:1,(anonymous_4)
DA:7,1
DA:8,1
DA:11,1
DA:12,1
DA:15,1
DA:16,1
DA:19,1
DA:23,1
DA:26,1
DA:27,2
DA:28,2
DA:31,2
DA:32,2
DA:33,2
DA:35,2
DA:36,2
DA:39,1
DA:45,2
DA:48,1
LF:19
LH:19
BRF:0
BRH:0
end_of_record
