TN:
SF:/Users/JerryC/Workspace/jc-repository/Memeye/index.js
FNF:0
FNH:0
DA:1,1
LF:1
LH:1
BRF:0
BRH:0
end_of_record
TN:
SF:/Users/JerryC/Workspace/jc-repository/Memeye/src/index.js
FN:13,(anonymous_1)
FNF:1
FNH:1
FNDA:1,(anonymous_1)
DA:8,1
DA:9,1
DA:10,1
DA:11,1
DA:13,1
DA:14,1
DA:15,1
DA:16,1
DA:17,1
LF:9
LH:9
BRF:0
BRH:0
end_of_record
TN:
SF:/Users/JerryC/Workspace/jc-repository/Memeye/src/lib/Collector.js
FN:9,Collector
FN:15,(anonymous_2)
FN:19,(anonymous_3)
FNF:3
FNH:3
FNDA:2,Collector
FNDA:1,(anonymous_2)
FNDA:3,(anonymous_3)
DA:6,1
DA:7,1
DA:9,1
DA:10,2
DA:11,2
DA:12,2
DA:15,1
DA:16,1
DA:19,1
DA:20,3
DA:22,3
DA:23,1
DA:24,1
DA:27,2
DA:30,1
DA:31,1
DA:35,1
DA:42,1
DA:59,1
LF:19
LH:19
BRDA:22,1,0,1
BRDA:22,1,1,2
BRF:2
BRH:2
end_of_record
TN:
SF:/Users/JerryC/Workspace/jc-repository/Memeye/src/lib/Indicators.js
FN:11,Indicators
FN:26,setWatcher
FN:34,(anonymous_3)
FN:38,(anonymous_4)
FNF:4
FNH:4
FNDA:1,Indicators
FNDA:2,setWatcher
FNDA:2,(anonymous_3)
FNDA:1,(anonymous_4)
DA:7,1
DA:8,1
DA:11,1
DA:12,1
DA:15,1
DA:16,1
DA:19,1
DA:23,1
DA:26,1
DA:27,2
DA:28,2
DA:31,2
DA:32,2
DA:33,2
DA:35,2
DA:36,2
DA:39,1
DA:45,2
DA:48,1
LF:19
LH:19
BRF:0
BRH:0
end_of_record
